[ 2025-09-30 21:00:52,613 ] 97 werkzeug - INFO - [31m[1mWARNING: This is a development server. Do not use it in a production deployment. Use a production WSGI server instead.[0m
 * Running on all addresses (0.0.0.0)
 * Running on http://127.0.0.1:5000
 * Running on http://10.91.91.189:5000
[ 2025-09-30 21:00:52,614 ] 97 werkzeug - INFO - [33mPress CTRL+C to quit[0m
[ 2025-09-30 21:00:52,614 ] 97 werkzeug - INFO -  * Restarting with stat
[ 2025-09-30 21:01:58,870 ] 97 werkzeug - INFO -  * Restarting with stat
[ 2025-09-30 21:02:03,984 ] 97 werkzeug - INFO -  * Restarting with stat
[ 2025-09-30 21:02:05,845 ] 97 werkzeug - INFO -  * Restarting with stat
[ 2025-09-30 21:02:22,034 ] 97 werkzeug - INFO -  * Restarting with stat
[ 2025-09-30 21:02:24,013 ] 97 werkzeug - INFO -  * Restarting with stat
[ 2025-09-30 21:02:35,096 ] 97 werkzeug - INFO -  * Restarting with stat
[ 2025-09-30 21:02:38,168 ] 97 werkzeug - INFO -  * Restarting with stat
[ 2025-09-30 21:02:40,044 ] 97 werkzeug - INFO -  * Restarting with stat
[ 2025-09-30 21:02:41,913 ] 97 werkzeug - INFO -  * Restarting with stat
[ 2025-09-30 21:02:43,776 ] 97 werkzeug - INFO -  * Restarting with stat
[ 2025-09-30 21:02:45,668 ] 97 werkzeug - INFO -  * Restarting with stat
[ 2025-09-30 21:02:48,536 ] 97 werkzeug - INFO -  * Restarting with stat
[ 2025-09-30 21:02:51,463 ] 97 werkzeug - INFO -  * Restarting with stat
[ 2025-09-30 21:03:00,400 ] 97 werkzeug - INFO -  * Restarting with stat
[ 2025-09-30 21:03:05,265 ] 97 werkzeug - INFO -  * Restarting with stat
[ 2025-09-30 21:03:07,103 ] 97 werkzeug - INFO -  * Restarting with stat
[ 2025-09-30 21:03:09,985 ] 97 werkzeug - INFO -  * Restarting with stat
[ 2025-09-30 21:03:12,881 ] 97 werkzeug - INFO -  * Restarting with stat
[ 2025-09-30 21:03:16,737 ] 97 werkzeug - INFO -  * Restarting with stat
[ 2025-09-30 21:04:46,544 ] 97 werkzeug - INFO -  * Restarting with stat
[ 2025-09-30 21:04:49,665 ] 97 werkzeug - INFO -  * Restarting with stat
[ 2025-09-30 21:04:51,541 ] 97 werkzeug - INFO -  * Restarting with stat
[ 2025-09-30 21:05:12,780 ] 97 werkzeug - INFO -  * Restarting with stat
[ 2025-09-30 21:05:16,890 ] 97 werkzeug - INFO -  * Restarting with stat
[ 2025-09-30 21:05:20,824 ] 97 werkzeug - INFO -  * Restarting with stat
[ 2025-09-30 21:08:51,529 ] 97 werkzeug - INFO -  * Restarting with stat
[ 2025-09-30 21:08:54,608 ] 97 werkzeug - INFO -  * Restarting with stat
[ 2025-09-30 21:09:31,237 ] 97 werkzeug - INFO -  * Restarting with stat
[ 2025-09-30 21:09:34,271 ] 97 werkzeug - INFO -  * Restarting with stat
[ 2025-09-30 21:09:37,113 ] 97 werkzeug - INFO -  * Restarting with stat
[ 2025-09-30 21:30:16,358 ] 97 werkzeug - INFO -  * Restarting with stat
[ 2025-09-30 21:42:06,239 ] 97 werkzeug - INFO -  * Restarting with stat
[ 2025-09-30 21:44:56,246 ] 97 werkzeug - INFO -  * Restarting with stat
