[ 2025-09-30 22:35:29,228 ] 97 werkzeug - INFO - [31m[1mWARNING: This is a development server. Do not use it in a production deployment. Use a production WSGI server instead.[0m
 * Running on all addresses (0.0.0.0)
 * Running on http://127.0.0.1:5000
 * Running on http://10.91.91.189:5000
[ 2025-09-30 22:35:29,228 ] 97 werkzeug - INFO - [33mPress CTRL+C to quit[0m
[ 2025-09-30 22:35:29,228 ] 97 werkzeug - INFO -  * Restarting with stat
[ 2025-09-30 22:35:29,918 ] 97 werkzeug - WARNING -  * Debugger is active!
[ 2025-09-30 22:35:29,924 ] 97 werkzeug - INFO -  * Debugger PIN: 758-854-900
[ 2025-09-30 22:35:31,772 ] 97 werkzeug - INFO - 127.0.0.1 - - [30/Sep/2025 22:35:31] "GET /student/student123/topics HTTP/1.1" 200 -
[ 2025-09-30 22:44:12,137 ] 97 werkzeug - INFO - 127.0.0.1 - - [30/Sep/2025 22:44:12] "GET /student/student456/topics HTTP/1.1" 200 -
[ 2025-09-30 22:44:12,186 ] 97 werkzeug - INFO - 127.0.0.1 - - [30/Sep/2025 22:44:12] "GET /student/student456/topics HTTP/1.1" 200 -
[ 2025-09-30 22:45:07,487 ] 97 werkzeug - INFO -  * Detected change in '/Users/yvonne/User Github/NALA-LearnScape/nala/backend/app.py', reloading
[ 2025-09-30 22:45:07,582 ] 97 werkzeug - INFO -  * Restarting with stat
[ 2025-09-30 22:45:09,580 ] 97 werkzeug - INFO -  * Restarting with stat
[ 2025-09-30 22:45:12,436 ] 97 werkzeug - INFO -  * Restarting with stat
[ 2025-09-30 22:45:14,282 ] 97 werkzeug - INFO -  * Restarting with stat
[ 2025-09-30 22:45:24,314 ] 97 werkzeug - INFO -  * Restarting with stat
[ 2025-09-30 22:45:39,679 ] 97 werkzeug - INFO -  * Restarting with stat
[ 2025-09-30 22:45:42,529 ] 97 werkzeug - INFO -  * Restarting with stat
[ 2025-09-30 22:45:44,364 ] 97 werkzeug - INFO -  * Restarting with stat
[ 2025-09-30 22:45:46,193 ] 97 werkzeug - INFO -  * Restarting with stat
[ 2025-09-30 22:45:49,076 ] 97 werkzeug - INFO -  * Restarting with stat
[ 2025-09-30 22:45:51,962 ] 97 werkzeug - INFO -  * Restarting with stat
[ 2025-09-30 22:49:33,494 ] 97 werkzeug - INFO -  * Restarting with stat
[ 2025-09-30 22:49:37,572 ] 97 werkzeug - INFO -  * Restarting with stat
[ 2025-09-30 22:49:39,453 ] 97 werkzeug - INFO -  * Restarting with stat
[ 2025-09-30 22:49:42,310 ] 97 werkzeug - INFO -  * Restarting with stat
[ 2025-09-30 22:49:46,233 ] 97 werkzeug - INFO -  * Restarting with stat
[ 2025-09-30 22:49:53,168 ] 97 werkzeug - INFO -  * Restarting with stat
[ 2025-09-30 22:49:56,055 ] 97 werkzeug - INFO -  * Restarting with stat
[ 2025-09-30 22:49:58,961 ] 97 werkzeug - INFO -  * Restarting with stat
[ 2025-09-30 22:50:00,795 ] 97 werkzeug - INFO -  * Restarting with stat
[ 2025-09-30 22:50:03,698 ] 97 werkzeug - INFO -  * Restarting with stat
[ 2025-09-30 22:50:05,526 ] 97 werkzeug - INFO -  * Restarting with stat
[ 2025-09-30 22:50:07,426 ] 97 werkzeug - INFO -  * Restarting with stat
[ 2025-09-30 22:50:14,379 ] 97 werkzeug - INFO -  * Restarting with stat
[ 2025-09-30 22:50:18,216 ] 97 werkzeug - INFO -  * Restarting with stat
[ 2025-09-30 22:50:22,107 ] 97 werkzeug - INFO -  * Restarting with stat
[ 2025-09-30 22:50:36,312 ] 97 werkzeug - INFO -  * Restarting with stat
[ 2025-09-30 22:50:40,389 ] 97 werkzeug - INFO -  * Restarting with stat
[ 2025-09-30 22:50:47,337 ] 97 werkzeug - INFO -  * Restarting with stat
[ 2025-09-30 22:51:39,465 ] 97 werkzeug - INFO -  * Restarting with stat
[ 2025-09-30 22:51:42,479 ] 97 werkzeug - INFO -  * Restarting with stat
[ 2025-09-30 22:51:49,416 ] 97 werkzeug - INFO -  * Restarting with stat
[ 2025-09-30 22:51:51,265 ] 97 werkzeug - INFO -  * Restarting with stat
[ 2025-09-30 22:52:00,228 ] 97 werkzeug - INFO -  * Restarting with stat
[ 2025-09-30 22:52:09,169 ] 97 werkzeug - INFO -  * Restarting with stat
[ 2025-09-30 22:52:11,003 ] 97 werkzeug - INFO -  * Restarting with stat
[ 2025-09-30 22:52:12,881 ] 97 werkzeug - INFO -  * Restarting with stat
[ 2025-09-30 22:52:15,707 ] 97 werkzeug - INFO -  * Restarting with stat
[ 2025-09-30 22:52:17,553 ] 97 werkzeug - INFO -  * Restarting with stat
[ 2025-09-30 22:52:47,097 ] 97 werkzeug - INFO -  * Restarting with stat
[ 2025-09-30 22:52:50,155 ] 97 werkzeug - INFO -  * Restarting with stat
[ 2025-09-30 22:52:52,016 ] 97 werkzeug - INFO -  * Restarting with stat
[ 2025-09-30 22:56:09,219 ] 97 werkzeug - INFO -  * Restarting with stat
[ 2025-09-30 22:56:13,274 ] 97 werkzeug - INFO -  * Restarting with stat
[ 2025-09-30 22:56:22,271 ] 97 werkzeug - INFO -  * Restarting with stat
