[ 2025-09-30 22:30:37,056 ] 97 werkzeug - INFO - [31m[1mWARNING: This is a development server. Do not use it in a production deployment. Use a production WSGI server instead.[0m
 * Running on all addresses (0.0.0.0)
 * Running on http://127.0.0.1:5000
 * Running on http://10.91.91.189:5000
[ 2025-09-30 22:30:37,057 ] 97 werkzeug - INFO - [33mPress CTRL+C to quit[0m
[ 2025-09-30 22:30:37,057 ] 97 werkzeug - INFO -  * Restarting with stat
[ 2025-09-30 22:32:52,971 ] 97 werkzeug - INFO -  * Restarting with stat
[ 2025-09-30 22:33:04,119 ] 97 werkzeug - INFO -  * Restarting with stat
[ 2025-09-30 22:33:11,044 ] 97 werkzeug - INFO -  * Restarting with stat
[ 2025-09-30 22:33:12,913 ] 97 werkzeug - INFO -  * Restarting with stat
[ 2025-09-30 22:33:24,958 ] 97 werkzeug - INFO -  * Restarting with stat
[ 2025-09-30 22:33:27,996 ] 97 werkzeug - INFO -  * Restarting with stat
[ 2025-09-30 22:33:45,189 ] 97 werkzeug - INFO -  * Restarting with stat
[ 2025-09-30 22:33:48,036 ] 97 werkzeug - INFO -  * Restarting with stat
[ 2025-09-30 22:33:50,929 ] 97 werkzeug - INFO -  * Restarting with stat
[ 2025-09-30 22:33:56,851 ] 97 werkzeug - INFO -  * Restarting with stat
[ 2025-09-30 22:34:00,762 ] 97 werkzeug - INFO -  * Restarting with stat
[ 2025-09-30 22:34:04,630 ] 97 werkzeug - INFO -  * Restarting with stat
[ 2025-09-30 22:34:21,825 ] 97 werkzeug - INFO -  * Restarting with stat
[ 2025-09-30 22:34:29,799 ] 97 werkzeug - INFO -  * Restarting with stat
