[ 2025-09-30 17:29:16,133 ] 97 werkzeug - INFO - [31m[1mWARNING: This is a development server. Do not use it in a production deployment. Use a production WSGI server instead.[0m
 * Running on all addresses (0.0.0.0)
 * Running on http://127.0.0.1:5000
 * Running on http://10.91.91.189:5000
[ 2025-09-30 17:29:16,133 ] 97 werkzeug - INFO - [33mPress CTRL+C to quit[0m
[ 2025-09-30 17:29:16,134 ] 97 werkzeug - INFO -  * Restarting with stat
[ 2025-09-30 17:29:16,864 ] 97 werkzeug - WARNING -  * Debugger is active!
[ 2025-09-30 17:29:16,869 ] 97 werkzeug - INFO -  * Debugger PIN: 758-854-900
[ 2025-09-30 17:29:19,398 ] 97 werkzeug - INFO - 127.0.0.1 - - [30/Sep/2025 17:29:19] "[35m[1mGET /student/student123/topics HTTP/1.1[0m" 500 -
[ 2025-09-30 17:31:41,987 ] 97 werkzeug - INFO -  * Detected change in '/Users/yvonne/User Github/NALA-LearnScape/nala/backend/prediction_model/src/pipeline/predict_pipeline.py', reloading
[ 2025-09-30 17:31:42,119 ] 97 werkzeug - INFO -  * Restarting with stat
[ 2025-09-30 17:32:31,295 ] 97 werkzeug - INFO -  * Restarting with stat
[ 2025-09-30 17:32:33,403 ] 97 werkzeug - INFO -  * Restarting with stat
[ 2025-09-30 17:32:40,311 ] 97 werkzeug - INFO -  * Restarting with stat
[ 2025-09-30 17:32:43,209 ] 97 werkzeug - INFO -  * Restarting with stat
[ 2025-09-30 17:33:10,642 ] 97 werkzeug - INFO -  * Restarting with stat
[ 2025-09-30 17:33:21,859 ] 97 werkzeug - INFO -  * Restarting with stat
[ 2025-09-30 17:33:24,685 ] 97 werkzeug - INFO -  * Restarting with stat
[ 2025-09-30 17:35:56,536 ] 97 werkzeug - INFO -  * Restarting with stat
[ 2025-09-30 17:35:59,624 ] 97 werkzeug - INFO -  * Restarting with stat
[ 2025-09-30 17:36:02,501 ] 97 werkzeug - INFO -  * Restarting with stat
[ 2025-09-30 17:36:06,404 ] 97 werkzeug - INFO -  * Restarting with stat
[ 2025-09-30 17:36:13,330 ] 97 werkzeug - INFO -  * Restarting with stat
[ 2025-09-30 17:36:15,159 ] 97 werkzeug - INFO -  * Restarting with stat
[ 2025-09-30 17:36:20,078 ] 97 werkzeug - INFO -  * Restarting with stat
[ 2025-09-30 17:36:22,942 ] 97 werkzeug - INFO -  * Restarting with stat
